<?xml version="1.0" encoding="UTF-8"?>
<testsuite xmlns:xsi="http://www.w3.org/2001/XMLSchema-instance" xsi:noNamespaceSchemaLocation="https://maven.apache.org/surefire/maven-surefire-plugin/xsd/surefire-test-report-3.0.xsd" version="3.0" name="TestSuite" time="212.989" tests="1" errors="0" skipped="0" failures="0">
  <properties>
    <property name="java.specification.version" value="13"/>
    <property name="sun.cpu.isalist" value="amd64"/>
    <property name="sun.jnu.encoding" value="Cp1252"/>
    <property name="java.class.path" value="C:\POC\POCFramework\POCFramework\target\test-classes;C:\POC\POCFramework\POCFramework\target\classes;C:\Users\soumi\.m2\repository\org\seleniumhq\selenium\selenium-java\4.11.0\selenium-java-4.11.0.jar;C:\Users\soumi\.m2\repository\org\seleniumhq\selenium\selenium-api\4.11.0\selenium-api-4.11.0.jar;C:\Users\soumi\.m2\repository\org\seleniumhq\selenium\selenium-chrome-driver\4.11.0\selenium-chrome-driver-4.11.0.jar;C:\Users\soumi\.m2\repository\com\google\auto\service\auto-service-annotations\1.0.1\auto-service-annotations-1.0.1.jar;C:\Users\soumi\.m2\repository\com\google\guava\guava\31.1-jre\guava-31.1-jre.jar;C:\Users\soumi\.m2\repository\com\google\guava\failureaccess\1.0.1\failureaccess-1.0.1.jar;C:\Users\soumi\.m2\repository\com\google\guava\listenablefuture\9999.0-empty-to-avoid-conflict-with-guava\listenablefuture-9999.0-empty-to-avoid-conflict-with-guava.jar;C:\Users\soumi\.m2\repository\com\google\code\findbugs\jsr305\3.0.2\jsr305-3.0.2.jar;C:\Users\soumi\.m2\repository\org\checkerframework\checker-qual\3.12.0\checker-qual-3.12.0.jar;C:\Users\soumi\.m2\repository\com\google\errorprone\error_prone_annotations\2.11.0\error_prone_annotations-2.11.0.jar;C:\Users\soumi\.m2\repository\com\google\j2objc\j2objc-annotations\1.3\j2objc-annotations-1.3.jar;C:\Users\soumi\.m2\repository\org\seleniumhq\selenium\selenium-chromium-driver\4.11.0\selenium-chromium-driver-4.11.0.jar;C:\Users\soumi\.m2\repository\org\seleniumhq\selenium\selenium-json\4.11.0\selenium-json-4.11.0.jar;C:\Users\soumi\.m2\repository\org\seleniumhq\selenium\selenium-manager\4.11.0\selenium-manager-4.11.0.jar;C:\Users\soumi\.m2\repository\org\seleniumhq\selenium\selenium-devtools-v113\4.11.0\selenium-devtools-v113-4.11.0.jar;C:\Users\soumi\.m2\repository\org\seleniumhq\selenium\selenium-devtools-v114\4.11.0\selenium-devtools-v114-4.11.0.jar;C:\Users\soumi\.m2\repository\org\seleniumhq\selenium\selenium-devtools-v115\4.11.0\selenium-devtools-v115-4.11.0.jar;C:\Users\soumi\.m2\repository\org\seleniumhq\selenium\selenium-devtools-v85\4.11.0\selenium-devtools-v85-4.11.0.jar;C:\Users\soumi\.m2\repository\org\seleniumhq\selenium\selenium-edge-driver\4.11.0\selenium-edge-driver-4.11.0.jar;C:\Users\soumi\.m2\repository\org\seleniumhq\selenium\selenium-firefox-driver\4.11.0\selenium-firefox-driver-4.11.0.jar;C:\Users\soumi\.m2\repository\org\seleniumhq\selenium\selenium-http\4.11.0\selenium-http-4.11.0.jar;C:\Users\soumi\.m2\repository\dev\failsafe\failsafe\3.3.1\failsafe-3.3.1.jar;C:\Users\soumi\.m2\repository\org\seleniumhq\selenium\selenium-ie-driver\4.11.0\selenium-ie-driver-4.11.0.jar;C:\Users\soumi\.m2\repository\org\seleniumhq\selenium\selenium-remote-driver\4.11.0\selenium-remote-driver-4.11.0.jar;C:\Users\soumi\.m2\repository\io\netty\netty-buffer\4.1.92.Final\netty-buffer-4.1.92.Final.jar;C:\Users\soumi\.m2\repository\io\netty\netty-codec-http\4.1.92.Final\netty-codec-http-4.1.92.Final.jar;C:\Users\soumi\.m2\repository\io\netty\netty-codec\4.1.92.Final\netty-codec-4.1.92.Final.jar;C:\Users\soumi\.m2\repository\io\netty\netty-handler\4.1.92.Final\netty-handler-4.1.92.Final.jar;C:\Users\soumi\.m2\repository\io\netty\netty-common\4.1.92.Final\netty-common-4.1.92.Final.jar;C:\Users\soumi\.m2\repository\io\netty\netty-transport-classes-epoll\4.1.92.Final\netty-transport-classes-epoll-4.1.92.Final.jar;C:\Users\soumi\.m2\repository\io\netty\netty-transport-classes-kqueue\4.1.92.Final\netty-transport-classes-kqueue-4.1.92.Final.jar;C:\Users\soumi\.m2\repository\io\netty\netty-transport-native-epoll\4.1.92.Final\netty-transport-native-epoll-4.1.92.Final.jar;C:\Users\soumi\.m2\repository\io\netty\netty-transport-native-kqueue\4.1.92.Final\netty-transport-native-kqueue-4.1.92.Final.jar;C:\Users\soumi\.m2\repository\io\netty\netty-transport-native-unix-common\4.1.92.Final\netty-transport-native-unix-common-4.1.92.Final.jar;C:\Users\soumi\.m2\repository\io\netty\netty-transport\4.1.92.Final\netty-transport-4.1.92.Final.jar;C:\Users\soumi\.m2\repository\io\netty\netty-resolver\4.1.92.Final\netty-resolver-4.1.92.Final.jar;C:\Users\soumi\.m2\repository\io\opentelemetry\opentelemetry-api\1.26.0\opentelemetry-api-1.26.0.jar;C:\Users\soumi\.m2\repository\io\opentelemetry\opentelemetry-context\1.26.0\opentelemetry-context-1.26.0.jar;C:\Users\soumi\.m2\repository\io\opentelemetry\opentelemetry-exporter-logging\1.26.0\opentelemetry-exporter-logging-1.26.0.jar;C:\Users\soumi\.m2\repository\io\opentelemetry\opentelemetry-sdk-metrics\1.26.0\opentelemetry-sdk-metrics-1.26.0.jar;C:\Users\soumi\.m2\repository\io\opentelemetry\opentelemetry-extension-incubator\1.26.0-alpha\opentelemetry-extension-incubator-1.26.0-alpha.jar;C:\Users\soumi\.m2\repository\io\opentelemetry\opentelemetry-sdk-logs\1.26.0-alpha\opentelemetry-sdk-logs-1.26.0-alpha.jar;C:\Users\soumi\.m2\repository\io\opentelemetry\opentelemetry-api-logs\1.26.0-alpha\opentelemetry-api-logs-1.26.0-alpha.jar;C:\Users\soumi\.m2\repository\io\opentelemetry\opentelemetry-api-events\1.26.0-alpha\opentelemetry-api-events-1.26.0-alpha.jar;C:\Users\soumi\.m2\repository\io\opentelemetry\opentelemetry-sdk-common\1.26.0\opentelemetry-sdk-common-1.26.0.jar;C:\Users\soumi\.m2\repository\io\opentelemetry\opentelemetry-sdk-extension-autoconfigure-spi\1.26.0\opentelemetry-sdk-extension-autoconfigure-spi-1.26.0.jar;C:\Users\soumi\.m2\repository\io\opentelemetry\opentelemetry-sdk-extension-autoconfigure\1.26.0-alpha\opentelemetry-sdk-extension-autoconfigure-1.26.0-alpha.jar;C:\Users\soumi\.m2\repository\io\opentelemetry\opentelemetry-sdk-trace\1.26.0\opentelemetry-sdk-trace-1.26.0.jar;C:\Users\soumi\.m2\repository\io\opentelemetry\opentelemetry-sdk\1.26.0\opentelemetry-sdk-1.26.0.jar;C:\Users\soumi\.m2\repository\io\opentelemetry\opentelemetry-semconv\1.26.0-alpha\opentelemetry-semconv-1.26.0-alpha.jar;C:\Users\soumi\.m2\repository\net\bytebuddy\byte-buddy\1.14.4\byte-buddy-1.14.4.jar;C:\Users\soumi\.m2\repository\org\apache\commons\commons-exec\1.3\commons-exec-1.3.jar;C:\Users\soumi\.m2\repository\org\asynchttpclient\async-http-client\2.12.3\async-http-client-2.12.3.jar;C:\Users\soumi\.m2\repository\org\asynchttpclient\async-http-client-netty-utils\2.12.3\async-http-client-netty-utils-2.12.3.jar;C:\Users\soumi\.m2\repository\io\netty\netty-codec-socks\4.1.60.Final\netty-codec-socks-4.1.60.Final.jar;C:\Users\soumi\.m2\repository\io\netty\netty-handler-proxy\4.1.60.Final\netty-handler-proxy-4.1.60.Final.jar;C:\Users\soumi\.m2\repository\io\netty\netty-transport-native-epoll\4.1.60.Final\netty-transport-native-epoll-4.1.60.Final-linux-x86_64.jar;C:\Users\soumi\.m2\repository\io\netty\netty-transport-native-kqueue\4.1.60.Final\netty-transport-native-kqueue-4.1.60.Final-osx-x86_64.jar;C:\Users\soumi\.m2\repository\com\typesafe\netty\netty-reactive-streams\2.0.4\netty-reactive-streams-2.0.4.jar;C:\Users\soumi\.m2\repository\com\sun\activation\jakarta.activation\1.2.2\jakarta.activation-1.2.2.jar;C:\Users\soumi\.m2\repository\org\seleniumhq\selenium\selenium-safari-driver\4.11.0\selenium-safari-driver-4.11.0.jar;C:\Users\soumi\.m2\repository\org\seleniumhq\selenium\selenium-support\4.11.0\selenium-support-4.11.0.jar;C:\Users\soumi\.m2\repository\com\aventstack\extentreports\5.0.9\extentreports-5.0.9.jar;C:\Users\soumi\.m2\repository\io\reactivex\rxjava3\rxjava\3.0.4\rxjava-3.0.4.jar;C:\Users\soumi\.m2\repository\org\reactivestreams\reactive-streams\1.0.3\reactive-streams-1.0.3.jar;C:\Users\soumi\.m2\repository\org\freemarker\freemarker\2.3.30\freemarker-2.3.30.jar;C:\Users\soumi\.m2\repository\org\projectlombok\lombok\1.18.12\lombok-1.18.12.jar;C:\Users\soumi\.m2\repository\com\google\code\gson\gson\2.8.6\gson-2.8.6.jar;C:\Users\soumi\.m2\repository\org\apache\poi\poi-ooxml\5.2.2\poi-ooxml-5.2.2.jar;C:\Users\soumi\.m2\repository\org\apache\poi\poi\5.2.2\poi-5.2.2.jar;C:\Users\soumi\.m2\repository\commons-codec\commons-codec\1.15\commons-codec-1.15.jar;C:\Users\soumi\.m2\repository\org\apache\commons\commons-math3\3.6.1\commons-math3-3.6.1.jar;C:\Users\soumi\.m2\repository\com\zaxxer\SparseBitSet\1.2\SparseBitSet-1.2.jar;C:\Users\soumi\.m2\repository\org\apache\poi\poi-ooxml-lite\5.2.2\poi-ooxml-lite-5.2.2.jar;C:\Users\soumi\.m2\repository\org\apache\xmlbeans\xmlbeans\5.0.3\xmlbeans-5.0.3.jar;C:\Users\soumi\.m2\repository\org\apache\commons\commons-compress\1.21\commons-compress-1.21.jar;C:\Users\soumi\.m2\repository\commons-io\commons-io\2.11.0\commons-io-2.11.0.jar;C:\Users\soumi\.m2\repository\com\github\virtuald\curvesapi\1.07\curvesapi-1.07.jar;C:\Users\soumi\.m2\repository\org\apache\commons\commons-collections4\4.4\commons-collections4-4.4.jar;C:\Users\soumi\.m2\repository\org\testng\testng\7.9.0\testng-7.9.0.jar;C:\Users\soumi\.m2\repository\org\slf4j\slf4j-api\1.7.36\slf4j-api-1.7.36.jar;C:\Users\soumi\.m2\repository\com\beust\jcommander\1.82\jcommander-1.82.jar;C:\Users\soumi\.m2\repository\org\webjars\jquery\3.7.1\jquery-3.7.1.jar;C:\Users\soumi\.m2\repository\io\github\bonigarcia\webdrivermanager\5.1.0\webdrivermanager-5.1.0.jar;C:\Users\soumi\.m2\repository\com\github\docker-java\docker-java\3.2.13\docker-java-3.2.13.jar;C:\Users\soumi\.m2\repository\com\github\docker-java\docker-java-core\3.2.13\docker-java-core-3.2.13.jar;C:\Users\soumi\.m2\repository\com\github\docker-java\docker-java-api\3.2.13\docker-java-api-3.2.13.jar;C:\Users\soumi\.m2\repository\com\fasterxml\jackson\core\jackson-annotations\2.10.3\jackson-annotations-2.10.3.jar;C:\Users\soumi\.m2\repository\com\fasterxml\jackson\core\jackson-databind\2.10.3\jackson-databind-2.10.3.jar;C:\Users\soumi\.m2\repository\com\fasterxml\jackson\core\jackson-core\2.10.3\jackson-core-2.10.3.jar;C:\Users\soumi\.m2\repository\org\bouncycastle\bcpkix-jdk15on\1.64\bcpkix-jdk15on-1.64.jar;C:\Users\soumi\.m2\repository\org\bouncycastle\bcprov-jdk15on\1.64\bcprov-jdk15on-1.64.jar;C:\Users\soumi\.m2\repository\org\slf4j\jcl-over-slf4j\1.7.30\jcl-over-slf4j-1.7.30.jar;C:\Users\soumi\.m2\repository\com\github\docker-java\docker-java-transport-httpclient5\3.2.13\docker-java-transport-httpclient5-3.2.13.jar;C:\Users\soumi\.m2\repository\com\github\docker-java\docker-java-transport\3.2.13\docker-java-transport-3.2.13.jar;C:\Users\soumi\.m2\repository\org\apache\httpcomponents\client5\httpclient5\5.0.3\httpclient5-5.0.3.jar;C:\Users\soumi\.m2\repository\org\apache\httpcomponents\core5\httpcore5\5.0.2\httpcore5-5.0.2.jar;C:\Users\soumi\.m2\repository\net\java\dev\jna\jna\5.8.0\jna-5.8.0.jar;C:\Users\soumi\.m2\repository\org\brotli\dec\0.1.2\dec-0.1.2.jar;C:\Users\soumi\.m2\repository\org\apache\commons\commons-lang3\3.12.0\commons-lang3-3.12.0.jar;C:\Users\soumi\.m2\repository\org\apache\logging\log4j\log4j-core\2.22.1\log4j-core-2.22.1.jar;C:\Users\soumi\.m2\repository\org\apache\logging\log4j\log4j-api\2.22.1\log4j-api-2.22.1.jar;"/>
    <property name="java.vm.vendor" value="Oracle Corporation"/>
    <property name="sun.arch.data.model" value="64"/>
    <property name="user.variant" value=""/>
    <property name="java.vendor.url" value="https://java.oracle.com/"/>
    <property name="user.timezone" value="Asia/Calcutta"/>
    <property name="os.name" value="Windows 10"/>
    <property name="java.vm.specification.version" value="13"/>
    <property name="sun.java.launcher" value="SUN_STANDARD"/>
    <property name="user.country" value="IN"/>
    <property name="sun.boot.library.path" value="C:\Program Files\Java\jdk-13.0.2\bin"/>
    <property name="sun.java.command" value="C:\Users\soumi\AppData\Local\Temp\surefire222321816419437435\surefirebooter-20240317014047772_3.jar C:\Users\soumi\AppData\Local\Temp\surefire222321816419437435 2024-03-17T01-40-47_655-jvmRun1 surefire-20240317014047772_1tmp surefire_0-20240317014047772_2tmp"/>
    <property name="jdk.debug" value="release"/>
    <property name="surefire.test.class.path" value="C:\POC\POCFramework\POCFramework\target\test-classes;C:\POC\POCFramework\POCFramework\target\classes;C:\Users\soumi\.m2\repository\org\seleniumhq\selenium\selenium-java\4.11.0\selenium-java-4.11.0.jar;C:\Users\soumi\.m2\repository\org\seleniumhq\selenium\selenium-api\4.11.0\selenium-api-4.11.0.jar;C:\Users\soumi\.m2\repository\org\seleniumhq\selenium\selenium-chrome-driver\4.11.0\selenium-chrome-driver-4.11.0.jar;C:\Users\soumi\.m2\repository\com\google\auto\service\auto-service-annotations\1.0.1\auto-service-annotations-1.0.1.jar;C:\Users\soumi\.m2\repository\com\google\guava\guava\31.1-jre\guava-31.1-jre.jar;C:\Users\soumi\.m2\repository\com\google\guava\failureaccess\1.0.1\failureaccess-1.0.1.jar;C:\Users\soumi\.m2\repository\com\google\guava\listenablefuture\9999.0-empty-to-avoid-conflict-with-guava\listenablefuture-9999.0-empty-to-avoid-conflict-with-guava.jar;C:\Users\soumi\.m2\repository\com\google\code\findbugs\jsr305\3.0.2\jsr305-3.0.2.jar;C:\Users\soumi\.m2\repository\org\checkerframework\checker-qual\3.12.0\checker-qual-3.12.0.jar;C:\Users\soumi\.m2\repository\com\google\errorprone\error_prone_annotations\2.11.0\error_prone_annotations-2.11.0.jar;C:\Users\soumi\.m2\repository\com\google\j2objc\j2objc-annotations\1.3\j2objc-annotations-1.3.jar;C:\Users\soumi\.m2\repository\org\seleniumhq\selenium\selenium-chromium-driver\4.11.0\selenium-chromium-driver-4.11.0.jar;C:\Users\soumi\.m2\repository\org\seleniumhq\selenium\selenium-json\4.11.0\selenium-json-4.11.0.jar;C:\Users\soumi\.m2\repository\org\seleniumhq\selenium\selenium-manager\4.11.0\selenium-manager-4.11.0.jar;C:\Users\soumi\.m2\repository\org\seleniumhq\selenium\selenium-devtools-v113\4.11.0\selenium-devtools-v113-4.11.0.jar;C:\Users\soumi\.m2\repository\org\seleniumhq\selenium\selenium-devtools-v114\4.11.0\selenium-devtools-v114-4.11.0.jar;C:\Users\soumi\.m2\repository\org\seleniumhq\selenium\selenium-devtools-v115\4.11.0\selenium-devtools-v115-4.11.0.jar;C:\Users\soumi\.m2\repository\org\seleniumhq\selenium\selenium-devtools-v85\4.11.0\selenium-devtools-v85-4.11.0.jar;C:\Users\soumi\.m2\repository\org\seleniumhq\selenium\selenium-edge-driver\4.11.0\selenium-edge-driver-4.11.0.jar;C:\Users\soumi\.m2\repository\org\seleniumhq\selenium\selenium-firefox-driver\4.11.0\selenium-firefox-driver-4.11.0.jar;C:\Users\soumi\.m2\repository\org\seleniumhq\selenium\selenium-http\4.11.0\selenium-http-4.11.0.jar;C:\Users\soumi\.m2\repository\dev\failsafe\failsafe\3.3.1\failsafe-3.3.1.jar;C:\Users\soumi\.m2\repository\org\seleniumhq\selenium\selenium-ie-driver\4.11.0\selenium-ie-driver-4.11.0.jar;C:\Users\soumi\.m2\repository\org\seleniumhq\selenium\selenium-remote-driver\4.11.0\selenium-remote-driver-4.11.0.jar;C:\Users\soumi\.m2\repository\io\netty\netty-buffer\4.1.92.Final\netty-buffer-4.1.92.Final.jar;C:\Users\soumi\.m2\repository\io\netty\netty-codec-http\4.1.92.Final\netty-codec-http-4.1.92.Final.jar;C:\Users\soumi\.m2\repository\io\netty\netty-codec\4.1.92.Final\netty-codec-4.1.92.Final.jar;C:\Users\soumi\.m2\repository\io\netty\netty-handler\4.1.92.Final\netty-handler-4.1.92.Final.jar;C:\Users\soumi\.m2\repository\io\netty\netty-common\4.1.92.Final\netty-common-4.1.92.Final.jar;C:\Users\soumi\.m2\repository\io\netty\netty-transport-classes-epoll\4.1.92.Final\netty-transport-classes-epoll-4.1.92.Final.jar;C:\Users\soumi\.m2\repository\io\netty\netty-transport-classes-kqueue\4.1.92.Final\netty-transport-classes-kqueue-4.1.92.Final.jar;C:\Users\soumi\.m2\repository\io\netty\netty-transport-native-epoll\4.1.92.Final\netty-transport-native-epoll-4.1.92.Final.jar;C:\Users\soumi\.m2\repository\io\netty\netty-transport-native-kqueue\4.1.92.Final\netty-transport-native-kqueue-4.1.92.Final.jar;C:\Users\soumi\.m2\repository\io\netty\netty-transport-native-unix-common\4.1.92.Final\netty-transport-native-unix-common-4.1.92.Final.jar;C:\Users\soumi\.m2\repository\io\netty\netty-transport\4.1.92.Final\netty-transport-4.1.92.Final.jar;C:\Users\soumi\.m2\repository\io\netty\netty-resolver\4.1.92.Final\netty-resolver-4.1.92.Final.jar;C:\Users\soumi\.m2\repository\io\opentelemetry\opentelemetry-api\1.26.0\opentelemetry-api-1.26.0.jar;C:\Users\soumi\.m2\repository\io\opentelemetry\opentelemetry-context\1.26.0\opentelemetry-context-1.26.0.jar;C:\Users\soumi\.m2\repository\io\opentelemetry\opentelemetry-exporter-logging\1.26.0\opentelemetry-exporter-logging-1.26.0.jar;C:\Users\soumi\.m2\repository\io\opentelemetry\opentelemetry-sdk-metrics\1.26.0\opentelemetry-sdk-metrics-1.26.0.jar;C:\Users\soumi\.m2\repository\io\opentelemetry\opentelemetry-extension-incubator\1.26.0-alpha\opentelemetry-extension-incubator-1.26.0-alpha.jar;C:\Users\soumi\.m2\repository\io\opentelemetry\opentelemetry-sdk-logs\1.26.0-alpha\opentelemetry-sdk-logs-1.26.0-alpha.jar;C:\Users\soumi\.m2\repository\io\opentelemetry\opentelemetry-api-logs\1.26.0-alpha\opentelemetry-api-logs-1.26.0-alpha.jar;C:\Users\soumi\.m2\repository\io\opentelemetry\opentelemetry-api-events\1.26.0-alpha\opentelemetry-api-events-1.26.0-alpha.jar;C:\Users\soumi\.m2\repository\io\opentelemetry\opentelemetry-sdk-common\1.26.0\opentelemetry-sdk-common-1.26.0.jar;C:\Users\soumi\.m2\repository\io\opentelemetry\opentelemetry-sdk-extension-autoconfigure-spi\1.26.0\opentelemetry-sdk-extension-autoconfigure-spi-1.26.0.jar;C:\Users\soumi\.m2\repository\io\opentelemetry\opentelemetry-sdk-extension-autoconfigure\1.26.0-alpha\opentelemetry-sdk-extension-autoconfigure-1.26.0-alpha.jar;C:\Users\soumi\.m2\repository\io\opentelemetry\opentelemetry-sdk-trace\1.26.0\opentelemetry-sdk-trace-1.26.0.jar;C:\Users\soumi\.m2\repository\io\opentelemetry\opentelemetry-sdk\1.26.0\opentelemetry-sdk-1.26.0.jar;C:\Users\soumi\.m2\repository\io\opentelemetry\opentelemetry-semconv\1.26.0-alpha\opentelemetry-semconv-1.26.0-alpha.jar;C:\Users\soumi\.m2\repository\net\bytebuddy\byte-buddy\1.14.4\byte-buddy-1.14.4.jar;C:\Users\soumi\.m2\repository\org\apache\commons\commons-exec\1.3\commons-exec-1.3.jar;C:\Users\soumi\.m2\repository\org\asynchttpclient\async-http-client\2.12.3\async-http-client-2.12.3.jar;C:\Users\soumi\.m2\repository\org\asynchttpclient\async-http-client-netty-utils\2.12.3\async-http-client-netty-utils-2.12.3.jar;C:\Users\soumi\.m2\repository\io\netty\netty-codec-socks\4.1.60.Final\netty-codec-socks-4.1.60.Final.jar;C:\Users\soumi\.m2\repository\io\netty\netty-handler-proxy\4.1.60.Final\netty-handler-proxy-4.1.60.Final.jar;C:\Users\soumi\.m2\repository\io\netty\netty-transport-native-epoll\4.1.60.Final\netty-transport-native-epoll-4.1.60.Final-linux-x86_64.jar;C:\Users\soumi\.m2\repository\io\netty\netty-transport-native-kqueue\4.1.60.Final\netty-transport-native-kqueue-4.1.60.Final-osx-x86_64.jar;C:\Users\soumi\.m2\repository\com\typesafe\netty\netty-reactive-streams\2.0.4\netty-reactive-streams-2.0.4.jar;C:\Users\soumi\.m2\repository\com\sun\activation\jakarta.activation\1.2.2\jakarta.activation-1.2.2.jar;C:\Users\soumi\.m2\repository\org\seleniumhq\selenium\selenium-safari-driver\4.11.0\selenium-safari-driver-4.11.0.jar;C:\Users\soumi\.m2\repository\org\seleniumhq\selenium\selenium-support\4.11.0\selenium-support-4.11.0.jar;C:\Users\soumi\.m2\repository\com\aventstack\extentreports\5.0.9\extentreports-5.0.9.jar;C:\Users\soumi\.m2\repository\io\reactivex\rxjava3\rxjava\3.0.4\rxjava-3.0.4.jar;C:\Users\soumi\.m2\repository\org\reactivestreams\reactive-streams\1.0.3\reactive-streams-1.0.3.jar;C:\Users\soumi\.m2\repository\org\freemarker\freemarker\2.3.30\freemarker-2.3.30.jar;C:\Users\soumi\.m2\repository\org\projectlombok\lombok\1.18.12\lombok-1.18.12.jar;C:\Users\soumi\.m2\repository\com\google\code\gson\gson\2.8.6\gson-2.8.6.jar;C:\Users\soumi\.m2\repository\org\apache\poi\poi-ooxml\5.2.2\poi-ooxml-5.2.2.jar;C:\Users\soumi\.m2\repository\org\apache\poi\poi\5.2.2\poi-5.2.2.jar;C:\Users\soumi\.m2\repository\commons-codec\commons-codec\1.15\commons-codec-1.15.jar;C:\Users\soumi\.m2\repository\org\apache\commons\commons-math3\3.6.1\commons-math3-3.6.1.jar;C:\Users\soumi\.m2\repository\com\zaxxer\SparseBitSet\1.2\SparseBitSet-1.2.jar;C:\Users\soumi\.m2\repository\org\apache\poi\poi-ooxml-lite\5.2.2\poi-ooxml-lite-5.2.2.jar;C:\Users\soumi\.m2\repository\org\apache\xmlbeans\xmlbeans\5.0.3\xmlbeans-5.0.3.jar;C:\Users\soumi\.m2\repository\org\apache\commons\commons-compress\1.21\commons-compress-1.21.jar;C:\Users\soumi\.m2\repository\commons-io\commons-io\2.11.0\commons-io-2.11.0.jar;C:\Users\soumi\.m2\repository\com\github\virtuald\curvesapi\1.07\curvesapi-1.07.jar;C:\Users\soumi\.m2\repository\org\apache\commons\commons-collections4\4.4\commons-collections4-4.4.jar;C:\Users\soumi\.m2\repository\org\testng\testng\7.9.0\testng-7.9.0.jar;C:\Users\soumi\.m2\repository\org\slf4j\slf4j-api\1.7.36\slf4j-api-1.7.36.jar;C:\Users\soumi\.m2\repository\com\beust\jcommander\1.82\jcommander-1.82.jar;C:\Users\soumi\.m2\repository\org\webjars\jquery\3.7.1\jquery-3.7.1.jar;C:\Users\soumi\.m2\repository\io\github\bonigarcia\webdrivermanager\5.1.0\webdrivermanager-5.1.0.jar;C:\Users\soumi\.m2\repository\com\github\docker-java\docker-java\3.2.13\docker-java-3.2.13.jar;C:\Users\soumi\.m2\repository\com\github\docker-java\docker-java-core\3.2.13\docker-java-core-3.2.13.jar;C:\Users\soumi\.m2\repository\com\github\docker-java\docker-java-api\3.2.13\docker-java-api-3.2.13.jar;C:\Users\soumi\.m2\repository\com\fasterxml\jackson\core\jackson-annotations\2.10.3\jackson-annotations-2.10.3.jar;C:\Users\soumi\.m2\repository\com\fasterxml\jackson\core\jackson-databind\2.10.3\jackson-databind-2.10.3.jar;C:\Users\soumi\.m2\repository\com\fasterxml\jackson\core\jackson-core\2.10.3\jackson-core-2.10.3.jar;C:\Users\soumi\.m2\repository\org\bouncycastle\bcpkix-jdk15on\1.64\bcpkix-jdk15on-1.64.jar;C:\Users\soumi\.m2\repository\org\bouncycastle\bcprov-jdk15on\1.64\bcprov-jdk15on-1.64.jar;C:\Users\soumi\.m2\repository\org\slf4j\jcl-over-slf4j\1.7.30\jcl-over-slf4j-1.7.30.jar;C:\Users\soumi\.m2\repository\com\github\docker-java\docker-java-transport-httpclient5\3.2.13\docker-java-transport-httpclient5-3.2.13.jar;C:\Users\soumi\.m2\repository\com\github\docker-java\docker-java-transport\3.2.13\docker-java-transport-3.2.13.jar;C:\Users\soumi\.m2\repository\org\apache\httpcomponents\client5\httpclient5\5.0.3\httpclient5-5.0.3.jar;C:\Users\soumi\.m2\repository\org\apache\httpcomponents\core5\httpcore5\5.0.2\httpcore5-5.0.2.jar;C:\Users\soumi\.m2\repository\net\java\dev\jna\jna\5.8.0\jna-5.8.0.jar;C:\Users\soumi\.m2\repository\org\brotli\dec\0.1.2\dec-0.1.2.jar;C:\Users\soumi\.m2\repository\org\apache\commons\commons-lang3\3.12.0\commons-lang3-3.12.0.jar;C:\Users\soumi\.m2\repository\org\apache\logging\log4j\log4j-core\2.22.1\log4j-core-2.22.1.jar;C:\Users\soumi\.m2\repository\org\apache\logging\log4j\log4j-api\2.22.1\log4j-api-2.22.1.jar;"/>
    <property name="sun.cpu.endian" value="little"/>
    <property name="user.home" value="C:\Users\soumi"/>
    <property name="user.language" value="en"/>
    <property name="java.specification.vendor" value="Oracle Corporation"/>
    <property name="java.version.date" value="2020-01-14"/>
    <property name="java.home" value="C:\Program Files\Java\jdk-13.0.2"/>
    <property name="file.separator" value="\"/>
    <property name="basedir" value="C:\POC\POCFramework\POCFramework"/>
    <property name="java.vm.compressedOopsMode" value="32-bit"/>
    <property name="line.separator" value="&#10;"/>
    <property name="java.vm.specification.vendor" value="Oracle Corporation"/>
    <property name="java.specification.name" value="Java Platform API Specification"/>
    <property name="surefire.real.class.path" value="C:\Users\soumi\AppData\Local\Temp\surefire222321816419437435\surefirebooter-20240317014047772_3.jar"/>
    <property name="user.script" value=""/>
    <property name="sun.management.compiler" value="HotSpot 64-Bit Tiered Compilers"/>
    <property name="java.runtime.version" value="13.0.2+8"/>
    <property name="user.name" value="soumi"/>
    <property name="path.separator" value=";"/>
    <property name="os.version" value="10.0"/>
    <property name="java.runtime.name" value="Java(TM) SE Runtime Environment"/>
    <property name="file.encoding" value="Cp1252"/>
    <property name="java.vm.name" value="Java HotSpot(TM) 64-Bit Server VM"/>
    <property name="localRepository" value="C:\Users\soumi\.m2\repository"/>
    <property name="java.vendor.url.bug" value="https://bugreport.java.com/bugreport/"/>
    <property name="java.io.tmpdir" value="C:\Users\soumi\AppData\Local\Temp\"/>
    <property name="java.version" value="13.0.2"/>
    <property name="user.dir" value="C:\POC\POCFramework\POCFramework"/>
    <property name="os.arch" value="amd64"/>
    <property name="java.vm.specification.name" value="Java Virtual Machine Specification"/>
    <property name="sun.os.patch.level" value=""/>
    <property name="java.library.path" value="C:\Program Files\Java\jdk-13.0.2\bin;C:\WINDOWS\Sun\Java\bin;C:\WINDOWS\system32;C:\WINDOWS;C:/Program Files/Java/jdk-13.0.2/bin/server;C:/Program Files/Java/jdk-13.0.2/bin;C:\Program Files (x86)\TRICENTIS\Tosca Testsuite\ToscaCommander;;C:\WINDOWS\system32;C:\WINDOWS;C:\WINDOWS\System32\Wbem;C:\WINDOWS\System32\WindowsPowerShell\v1.0\;C:\WINDOWS\System32\OpenSSH\;C:\Program Files\Java\jdk\bin;C:\Program Files\Java\jre\bin;C:\Program Files\Java\jdk1.8.0_251\bin;C:\Program Files\Java\jre1.8.0_251\bin;C:\Program Files\Java\jdk-13.0.2\bin;C:\ProgramData\chocolatey\bin;C:\Users\soumi\AppData\Local\Android\Sdk\tools\bin;C:\Users\soumi\AppData\Local\Android\Sdk\tools;C:\Users\soumi\AppData\Local\Android\Sdk\platform-tools;C:\Program Files\nodejs\node_modules\npm\bin;C:\Users\soumi\AppData\Local\Android\Sdk\build-tools;C:\Program Files\nodejs;C:\Program Files\nodejs\node_modules;C:\Program Files\nodejs\;C:\Program Files\Git\cmd;C:\Program Files\Nodejs;C:\Program Files\dotnet\;C:\Users\soumi\AppData\Local\Microsoft\WindowsApps;C:\Program Files\nodejs\node_modules\npm\bin;C:\Users\soumi\AppData\Roaming\npm;;C:\Soumik_Roy\eclipse-jee-2019-09-R-win32-x86_64\eclipse;;."/>
    <property name="java.vm.info" value="mixed mode, sharing"/>
    <property name="java.vendor" value="Oracle Corporation"/>
    <property name="java.vm.version" value="13.0.2+8"/>
    <property name="sun.io.unicode.encoding" value="UnicodeLittle"/>
    <property name="java.class.version" value="57.0"/>
  </properties>
  <testcase name="TC01" classname="com.poc.testcaseClass.TripComTC" time="203.821">
    <system-out><![CDATA[Folder C:\POC\E2EReporting\Screenshots\TripComTC exist.
Renaming Test Result Folder name : TripComTC_2024-03-17_01-40-48
Sourcepath folder path : C:/POC//E2EReporting/Screenshots/TripComTC_2024-03-17_01-40-48
Targetpath folder path : C:/POC//E2EReporting/Screenshots/Archive/TripComTC_2024-03-17_01-40-48
Existing Test Result folder is renamed & moved to Archive Folder !!!!
[DEBUG] 2024-03-17 01:40:54.533 [main] InternalLoggerFactory - Using Log4J2 as the default logging framework
[DEBUG] 2024-03-17 01:40:54.550 [main] ResourceLeakDetector - -Dio.netty.leakDetection.level: simple
[DEBUG] 2024-03-17 01:40:54.550 [main] ResourceLeakDetector - -Dio.netty.leakDetection.targetRecords: 4
[DEBUG] 2024-03-17 01:40:54.550 [main] ResourceLeakDetectorFactory - Loaded default ResourceLeakDetector: io.netty.util.ResourceLeakDetector@54afd745
[DEBUG] 2024-03-17 01:40:54.572 [main] PlatformDependent0 - -Dio.netty.noUnsafe: false
[DEBUG] 2024-03-17 01:40:54.572 [main] PlatformDependent0 - Java version: 13
[DEBUG] 2024-03-17 01:40:54.578 [main] PlatformDependent0 - sun.misc.Unsafe.theUnsafe: available
[DEBUG] 2024-03-17 01:40:54.578 [main] PlatformDependent0 - sun.misc.Unsafe.copyMemory: available
[DEBUG] 2024-03-17 01:40:54.578 [main] PlatformDependent0 - sun.misc.Unsafe.storeFence: available
[DEBUG] 2024-03-17 01:40:54.578 [main] PlatformDependent0 - java.nio.Buffer.address: available
[DEBUG] 2024-03-17 01:40:54.578 [main] PlatformDependent0 - direct buffer constructor: unavailable: Reflective setAccessible(true) disabled
[DEBUG] 2024-03-17 01:40:54.580 [main] PlatformDependent0 - java.nio.Bits.unaligned: available, true
[DEBUG] 2024-03-17 01:40:54.580 [main] PlatformDependent0 - jdk.internal.misc.Unsafe.allocateUninitializedArray(int): unavailable: class io.netty.util.internal.PlatformDependent0$7 cannot access class jdk.internal.misc.Unsafe (in module java.base) because module java.base does not export jdk.internal.misc to unnamed module @402f80f5
[DEBUG] 2024-03-17 01:40:54.584 [main] PlatformDependent0 - java.nio.DirectByteBuffer.<init>(long, int): unavailable
[DEBUG] 2024-03-17 01:40:54.584 [main] PlatformDependent - sun.misc.Unsafe: available
[DEBUG] 2024-03-17 01:40:54.584 [main] PlatformDependent - maxDirectMemory: 2099249152 bytes (maybe)
[DEBUG] 2024-03-17 01:40:54.584 [main] PlatformDependent - -Dio.netty.tmpdir: C:\Users\soumi\AppData\Local\Temp (java.io.tmpdir)
[DEBUG] 2024-03-17 01:40:54.584 [main] PlatformDependent - -Dio.netty.bitMode: 64 (sun.arch.data.model)
[DEBUG] 2024-03-17 01:40:54.585 [main] PlatformDependent - Platform: Windows
[DEBUG] 2024-03-17 01:40:54.586 [main] PlatformDependent - -Dio.netty.maxDirectMemory: -1 bytes
[DEBUG] 2024-03-17 01:40:54.586 [main] PlatformDependent - -Dio.netty.uninitializedArrayAllocationThreshold: -1
[DEBUG] 2024-03-17 01:40:54.586 [main] CleanerJava9 - java.nio.ByteBuffer.cleaner(): available
[DEBUG] 2024-03-17 01:40:54.588 [main] PlatformDependent - -Dio.netty.noPreferDirect: false
[DEBUG] 2024-03-17 01:40:54.591 [main] PlatformDependent - org.jctools-core.MpscChunkedArrayQueue: available
[DEBUG] 2024-03-17 01:40:54.605 [main] InternalThreadLocalMap - -Dio.netty.threadLocalMap.stringBuilder.initialSize: 1024
[DEBUG] 2024-03-17 01:40:54.605 [main] InternalThreadLocalMap - -Dio.netty.threadLocalMap.stringBuilder.maxSize: 4096
[DEBUG] 2024-03-17 01:40:54.817 [main] JdkSslContext - Default protocols (JDK): [TLSv1.3, TLSv1.2, TLSv1.1, TLSv1] 
[DEBUG] 2024-03-17 01:40:54.817 [main] JdkSslContext - Default cipher suites (JDK): [TLS_ECDHE_ECDSA_WITH_AES_256_GCM_SHA384, TLS_ECDHE_ECDSA_WITH_AES_128_GCM_SHA256, TLS_ECDHE_RSA_WITH_AES_128_GCM_SHA256, TLS_ECDHE_RSA_WITH_AES_256_GCM_SHA384, TLS_ECDHE_RSA_WITH_AES_128_CBC_SHA, TLS_ECDHE_RSA_WITH_AES_256_CBC_SHA, TLS_RSA_WITH_AES_128_GCM_SHA256, TLS_RSA_WITH_AES_128_CBC_SHA, TLS_RSA_WITH_AES_256_CBC_SHA, TLS_AES_128_GCM_SHA256, TLS_AES_256_GCM_SHA384]
[DEBUG] 2024-03-17 01:40:54.834 [main] GlobalEventExecutor - -Dio.netty.globalEventExecutor.quietPeriodSeconds: 1
[DEBUG] 2024-03-17 01:40:54.845 [main] MultithreadEventLoopGroup - -Dio.netty.eventLoopThreads: 16
[DEBUG] 2024-03-17 01:40:54.869 [main] NioEventLoop - -Dio.netty.noKeySetOptimization: false
[DEBUG] 2024-03-17 01:40:54.869 [main] NioEventLoop - -Dio.netty.selectorAutoRebuildThreshold: 512
[DEBUG] 2024-03-17 01:40:55.036 [main] PooledByteBufAllocator - -Dio.netty.allocator.numHeapArenas: 16
[DEBUG] 2024-03-17 01:40:55.036 [main] PooledByteBufAllocator - -Dio.netty.allocator.numDirectArenas: 16
[DEBUG] 2024-03-17 01:40:55.036 [main] PooledByteBufAllocator - -Dio.netty.allocator.pageSize: 8192
[DEBUG] 2024-03-17 01:40:55.036 [main] PooledByteBufAllocator - -Dio.netty.allocator.maxOrder: 9
[DEBUG] 2024-03-17 01:40:55.036 [main] PooledByteBufAllocator - -Dio.netty.allocator.chunkSize: 4194304
[DEBUG] 2024-03-17 01:40:55.036 [main] PooledByteBufAllocator - -Dio.netty.allocator.smallCacheSize: 256
[DEBUG] 2024-03-17 01:40:55.036 [main] PooledByteBufAllocator - -Dio.netty.allocator.normalCacheSize: 64
[DEBUG] 2024-03-17 01:40:55.036 [main] PooledByteBufAllocator - -Dio.netty.allocator.maxCachedBufferCapacity: 32768
[DEBUG] 2024-03-17 01:40:55.036 [main] PooledByteBufAllocator - -Dio.netty.allocator.cacheTrimInterval: 8192
[DEBUG] 2024-03-17 01:40:55.036 [main] PooledByteBufAllocator - -Dio.netty.allocator.cacheTrimIntervalMillis: 0
[DEBUG] 2024-03-17 01:40:55.036 [main] PooledByteBufAllocator - -Dio.netty.allocator.useCacheForAllThreads: false
[DEBUG] 2024-03-17 01:40:55.036 [main] PooledByteBufAllocator - -Dio.netty.allocator.maxCachedByteBuffersPerChunk: 1023
[DEBUG] 2024-03-17 01:40:55.057 [main] ByteBufUtil - -Dio.netty.allocator.type: pooled
[DEBUG] 2024-03-17 01:40:55.062 [main] ByteBufUtil - -Dio.netty.threadLocalDirectBufferSize: 0
[DEBUG] 2024-03-17 01:40:55.062 [main] ByteBufUtil - -Dio.netty.maxThreadLocalCharBufferSize: 16384
[DEBUG] 2024-03-17 01:40:55.887 [Forwarding newSession on session null to remote] DefaultChannelId - -Dio.netty.processId: 28188 (auto-detected)
[DEBUG] 2024-03-17 01:40:55.889 [Forwarding newSession on session null to remote] NetUtil - -Djava.net.preferIPv4Stack: false
[DEBUG] 2024-03-17 01:40:55.889 [Forwarding newSession on session null to remote] NetUtil - -Djava.net.preferIPv6Addresses: false
[DEBUG] 2024-03-17 01:40:55.983 [Forwarding newSession on session null to remote] NetUtilInitializations - Loopback interface: lo (Software Loopback Interface 1, 127.0.0.1)
[DEBUG] 2024-03-17 01:40:56.001 [Forwarding newSession on session null to remote] NetUtil - Failed to get SOMAXCONN from sysctl and file \proc\sys\net\core\somaxconn. Default: 200
[DEBUG] 2024-03-17 01:40:56.001 [Forwarding newSession on session null to remote] DefaultChannelId - -Dio.netty.machineId: e8:d0:fc:ff:fe:eb:ef:1b (auto-detected)
[DEBUG] 2024-03-17 01:40:56.062 [AsyncHttpClient-1-2] AbstractByteBuf - -Dio.netty.buffer.checkAccessible: true
[DEBUG] 2024-03-17 01:40:56.063 [AsyncHttpClient-1-2] AbstractByteBuf - -Dio.netty.buffer.checkBounds: true
[DEBUG] 2024-03-17 01:40:56.063 [AsyncHttpClient-1-2] ResourceLeakDetectorFactory - Loaded default ResourceLeakDetector: io.netty.util.ResourceLeakDetector@7b549722
[DEBUG] 2024-03-17 01:40:56.096 [AsyncHttpClient-1-2] Recycler - -Dio.netty.recycler.maxCapacityPerThread: 4096
[DEBUG] 2024-03-17 01:40:56.096 [AsyncHttpClient-1-2] Recycler - -Dio.netty.recycler.ratio: 8
[DEBUG] 2024-03-17 01:40:56.096 [AsyncHttpClient-1-2] Recycler - -Dio.netty.recycler.chunkSize: 32
[DEBUG] 2024-03-17 01:40:56.096 [AsyncHttpClient-1-2] Recycler - -Dio.netty.recycler.blocking: false
[DEBUG] 2024-03-17 01:40:56.096 [AsyncHttpClient-1-2] Recycler - -Dio.netty.recycler.batchFastThreadLocalOnly: true
[DEBUG] 2024-03-17 01:40:56.853 [AsyncHttpClient-1-2] Brotli - brotli4j not in the classpath; Brotli support will be unavailable.
[DEBUG] 2024-03-17 01:40:57.013 [main] ThreadLocalRandom - -Dio.netty.initialSeedUniquifier: 0x2237f6a48b5cbf5a
---------- Executing :-TC01 ----------------------
[DEBUG] 2024-03-17 01:41:01.951 [main] PackageRelationshipCollection - Parsing relationship: /xl/_rels/workbook.xml.rels
[DEBUG] 2024-03-17 01:41:01.955 [main] PackageRelationshipCollection - Parsing relationship: /xl/worksheets/_rels/sheet1.xml.rels
[DEBUG] 2024-03-17 01:41:01.989 [main] PackageRelationshipCollection - Parsing relationship: /_rels/.rels
[INFO ] 2024-03-17 01:41:02.737 [main] GenericFunction - com.poc.POM.LoginTrip_POM : Successfully open trip.com!!
[INFO ] 2024-03-17 01:41:03.437 [main] GenericFunction - com.poc.reusable.GenericFunction : Clicked on the element: [[ChromeDriver: chrome on windows (d948057161671e3f37b2d1e0e50ec8c8)] -> xpath: //span[@class='mc-hd__login-btn']]
[INFO ] 2024-03-17 01:41:07.771 [main] GenericFunction - com.poc.reusable.GenericFunction : Entered value: soumik.royhpe@gmail.com into the element: [[ChromeDriver: chrome on windows (d948057161671e3f37b2d1e0e50ec8c8)] -> xpath: //input[@placeholder='Please enter an email address']]
[INFO ] 2024-03-17 01:41:09.783 [main] GenericFunction - com.poc.POM.LoginTrip_POM : Enter username : soumik.royhpe@gmail.com
[INFO ] 2024-03-17 01:41:11.806 [main] GenericFunction - com.poc.reusable.GenericFunction : Clicked on the element: [[ChromeDriver: chrome on windows (d948057161671e3f37b2d1e0e50ec8c8)] -> xpath: //span[contains(text(),'Continue')]]
[INFO ] 2024-03-17 01:41:33.062 [main] GenericFunction - com.poc.reusable.GenericFunction : Clicked on the element: Proxy element for: DefaultElementLocator 'By.xpath: //span[@class='password-login-btn-text']'
[INFO ] 2024-03-17 01:41:37.341 [main] GenericFunction - com.poc.reusable.GenericFunction : Entered value: Test@0117 into the element: [[ChromeDriver: chrome on windows (d948057161671e3f37b2d1e0e50ec8c8)] -> xpath: //input[@type='password']]
[INFO ] 2024-03-17 01:41:37.342 [main] GenericFunction - com.poc.POM.LoginTrip_POM : Enter Password : Test@0117
[INFO ] 2024-03-17 01:41:52.499 [main] GenericFunction - com.poc.reusable.GenericFunction : Clicked on the element: Proxy element for: DefaultElementLocator 'By.xpath: //button[@id='ibu_login_submit' and @type='submit']/span[contains(text(),'Sign In')]'
[INFO ] 2024-03-17 01:41:54.503 [main] GenericFunction - com.poc.POM.LoginTrip_POM : Successfully login into trip.com!!
[INFO ] 2024-03-17 01:42:10.305 [main] GenericFunction - com.poc.reusable.GenericFunction : Clicked on the element: Proxy element for: DefaultElementLocator 'By.xpath: //span[@class='close-icon fi-close fi']'
[INFO ] 2024-03-17 01:42:12.568 [main] GenericFunction - com.poc.reusable.GenericFunction : Clicked on the element: [[ChromeDriver: chrome on windows (d948057161671e3f37b2d1e0e50ec8c8)] -> xpath: //a[@title='My Bookings']//parent::div//preceding::div/div/div[contains(text(),'USD')]]
[INFO ] 2024-03-17 01:42:14.754 [main] GenericFunction - com.poc.reusable.GenericFunction : Clicked on the element: [[ChromeDriver: chrome on windows (d948057161671e3f37b2d1e0e50ec8c8)] -> xpath: //span[contains(text(),'Indian Rupee')]//parent::div]
[INFO ] 2024-03-17 01:42:16.754 [main] GenericFunction - com.poc.POM.HomeTrip_POM : Successfully Selected Currency as INR.
[INFO ] 2024-03-17 01:42:18.235 [main] GenericFunction - com.poc.reusable.GenericFunction : Clicked on the element: [[ChromeDriver: chrome on windows (d948057161671e3f37b2d1e0e50ec8c8)] -> xpath: //span[contains(text(),'Flights')]//parent::li]
[INFO ] 2024-03-17 01:42:20.394 [main] GenericFunction - com.poc.reusable.GenericFunction : Clicked on the element: [[ChromeDriver: chrome on windows (d948057161671e3f37b2d1e0e50ec8c8)] -> xpath: //div[@data-testid='flightType']]
[INFO ] 2024-03-17 01:42:22.697 [main] GenericFunction - com.poc.reusable.GenericFunction : Clicked on the element: [[ChromeDriver: chrome on windows (d948057161671e3f37b2d1e0e50ec8c8)] -> xpath: //li[@data-testid='flightType_OW']]
[INFO ] 2024-03-17 01:42:39.825 [main] GenericFunction - com.poc.reusable.GenericFunction : Clicked on the element: Proxy element for: DefaultElementLocator 'By.xpath: //i[@data-testid='cityLabel_delete_0']'
[INFO ] 2024-03-17 01:42:41.836 [main] GenericFunction - com.poc.POM.HomeTrip_POM : Successfully selected Oneway!!
[INFO ] 2024-03-17 01:42:43.025 [main] GenericFunction - com.poc.reusable.GenericFunction : Clicked on the element: [[ChromeDriver: chrome on windows (d948057161671e3f37b2d1e0e50ec8c8)] -> xpath: //span[contains(text(),'Leaving from')]//parent::div]
[INFO ] 2024-03-17 01:42:47.429 [main] GenericFunction - com.poc.reusable.GenericFunction : Entered value: CCU into the element: [[ChromeDriver: chrome on windows (d948057161671e3f37b2d1e0e50ec8c8)] -> xpath: //input[@placeholder='Leaving from' and @data-testid='search_city_from0']]
[INFO ] 2024-03-17 01:42:47.821 [main] GenericFunction - com.poc.reusable.GenericFunction : Clicked on the element: [[ChromeDriver: chrome on windows (d948057161671e3f37b2d1e0e50ec8c8)] -> xpath: //span[contains(text(),'Netaji Subhas Chandra Bose International Airport')]]
[INFO ] 2024-03-17 01:42:49.835 [main] GenericFunction - com.poc.POM.HomeTrip_POM : Successfully selected Leaving Form airport : Netaji Subhas Chandra Bose International Airport
[INFO ] 2024-03-17 01:42:50.009 [main] GenericFunction - com.poc.reusable.GenericFunction : Clicked on the element: [[ChromeDriver: chrome on windows (d948057161671e3f37b2d1e0e50ec8c8)] -> xpath: //span[contains(text(),'Going to')]//parent::div]
[INFO ] 2024-03-17 01:42:54.373 [main] GenericFunction - com.poc.reusable.GenericFunction : Entered value: KUL into the element: [[ChromeDriver: chrome on windows (d948057161671e3f37b2d1e0e50ec8c8)] -> xpath: //input[@placeholder='Going to' and @data-testid='search_city_to0']]
[INFO ] 2024-03-17 01:42:54.609 [main] GenericFunction - com.poc.reusable.GenericFunction : Clicked on the element: [[ChromeDriver: chrome on windows (d948057161671e3f37b2d1e0e50ec8c8)] -> xpath: //span[contains(text(),'Kuala Lumpur International Airport')]]
[INFO ] 2024-03-17 01:42:56.617 [main] GenericFunction - com.poc.POM.HomeTrip_POM : Successfully selected Going to airport : Kuala Lumpur International Airport
[INFO ] 2024-03-17 01:42:56.617 [main] GenericFunction - com.poc.POM.HomeTrip_POM : Ticket booking date : 16-Apr-2024
[INFO ] 2024-03-17 01:42:56.665 [main] GenericFunction - com.poc.reusable.GenericFunction : Successfully scrolled till the element: [[ChromeDriver: chrome on windows (d948057161671e3f37b2d1e0e50ec8c8)] -> xpath: //input[@data-testid='search_date_depart0']]
[INFO ] 2024-03-17 01:42:57.896 [main] GenericFunction - com.poc.reusable.GenericFunction : Clicked on the element: [[ChromeDriver: chrome on windows (d948057161671e3f37b2d1e0e50ec8c8)] -> xpath: //input[@data-testid='search_date_depart0']]
Mar 2024
[INFO ] 2024-03-17 01:43:00.121 [main] GenericFunction - com.poc.reusable.GenericFunction : Clicked on the element: [[ChromeDriver: chrome on windows (d948057161671e3f37b2d1e0e50ec8c8)] -> xpath: //span[@class='c-calendar-icon-next']]
Apr 2024
[INFO ] 2024-03-17 01:43:02.331 [main] GenericFunction - com.poc.reusable.GenericFunction : Clicked on the element: [[ChromeDriver: chrome on windows (d948057161671e3f37b2d1e0e50ec8c8)] -> xpath: (//span[@class='day' and contains(text(),'16')])[1]]
[INFO ] 2024-03-17 01:43:04.344 [main] GenericFunction - com.poc.POM.HomeTrip_POM : Successfully added flight search criteria.
[INFO ] 2024-03-17 01:43:11.726 [main] GenericFunction - com.poc.reusable.GenericFunction : Clicked on the element: [[ChromeDriver: chrome on windows (d948057161671e3f37b2d1e0e50ec8c8)] -> xpath: //div[@class='popup-btn' and contains(text(),'Allow')]]
1 no.flight with fear : INR 11,808
2 no.flight with fear : INR 18,422
3 no.flight with fear : INR 23,245
4 no.flight with fear : INR 28,849
5 no.flight with fear : INR 30,086
6 no.flight with fear : INR 30,207
7 no.flight with fear : INR 30,207
8 no.flight with fear : INR 32,767
9 no.flight with fear : INR 33,290
10 no.flight with fear : INR 33,290
11 no.flight with fear : INR 35,323
12 no.flight with fear : INR 44,700
13 no.flight with fear : INR 47,168
14 no.flight with fear : INR 47,962
15 no.flight with fear : INR 49,452
16 no.flight with fear : INR 76,230
17 no.flight with fear : INR 81,530
18 no.flight with fear : INR 86,054
19 no.flight with fear : INR 133,663
20 no.flight with fear : INR 29,314
21 no.flight with fear : INR 32,114
22 no.flight with fear : INR 32,993
23 no.flight with fear : INR 34,863
24 no.flight with fear : INR 41,135
25 no.flight with fear : INR 61,878
26 no.flight with fear : INR 68,360
27 no.flight with fear : INR 76,134
28 no.flight with fear : INR 81,839
29 no.flight with fear : INR 81,839
30 no.flight with fear : INR 81,839
[INFO ] 2024-03-17 01:44:08.123 [main] GenericFunction - com.poc.POM.HomeTrip_POM : Lowest flight fare: 11808
[INFO ] 2024-03-17 01:44:08.123 [main] GenericFunction - com.poc.POM.HomeTrip_POM : Available flights.
[INFO ] 2024-03-17 01:44:08.869 [main] GenericFunction - com.poc.reusable.GenericFunction : Clicked on the element: [[ChromeDriver: chrome on windows (d948057161671e3f37b2d1e0e50ec8c8)] -> xpath: (((//span[@data-price='11808'])[1]//parent::div//parent::div)[1]//following::div)[1]]
[INFO ] 2024-03-17 01:44:17.901 [main] GenericFunction - com.poc.POM.HomeTrip_POM : Successfully found flight with lowest fare.
[INFO ] 2024-03-17 01:44:18.501 [main] GenericFunction - com.poc.reusable.GenericFunction : Clicked on the element: [[ChromeDriver: chrome on windows (d948057161671e3f37b2d1e0e50ec8c8)] -> xpath: ((((//span[@data-price='11808'])[1]//parent::div//parent::div)[1]//following::div)[1]//span)[1]/button]
[INFO ] 2024-03-17 01:44:20.513 [main] GenericFunction - com.poc.POM.HomeTrip_POM : Successfully clicked on book option!!
]]></system-out>
    <system-err><![CDATA[SLF4J: Failed to load class "org.slf4j.impl.StaticLoggerBinder".
SLF4J: Defaulting to no-operation (NOP) logger implementation
SLF4J: See http://www.slf4j.org/codes.html#StaticLoggerBinder for further details.
Mar 17, 2024 1:40:57 AM org.openqa.selenium.devtools.CdpVersionFinder findNearestMatch
WARNING: Unable to find CDP implementation matching 122
Mar 17, 2024 1:40:57 AM org.openqa.selenium.chromium.ChromiumDriver lambda$new$5
WARNING: Unable to find version of CDP to use for 122.0.6261.129. You may need to include a dependency on a specific version of the CDP using something similar to `org.seleniumhq.selenium:selenium-devtools-v86:4.11.0` where the version ("v86") matches the version of the chromium-based browser you're using and the version number of the artifact is the same as Selenium's.
]]></system-err>
  </testcase>
</testsuite>