<?xml version="1.0" encoding="UTF-8"?>
<!-- Generated by org.testng.reporters.JUnitReportReporter -->
<testsuite hostname="DESKTOP-1JEN4M7" failures="0" tests="1" name="com.poc.testcaseClass.MMT_TC" time="22.953" errors="0" timestamp="2024-03-16T09:59:47 IST" skipped="0">
  <testcase classname="com.poc.testcaseClass.MMT_TC" name="TC01" time="22.953"/>
  <system-out/>
</testsuite> <!-- com.poc.testcaseClass.MMT_TC -->
