<?xml version="1.0" encoding="UTF-8"?>
<!-- Generated by org.testng.reporters.JUnitReportReporter -->
<testsuite hostname="DESKTOP-1JEN4M7" failures="0" tests="1" name="com.poc.testcaseClass.TripComTC" time="200.776" errors="0" timestamp="2024-03-17T01:26:36 IST" skipped="0">
  <testcase classname="com.poc.testcaseClass.TripComTC" name="TC01" time="200.776"/>
  <system-out>
    <![CDATA[Successfully open trip.com!!
Enter username : soumik.royhpe@gmail.com<br/>
Enter Password : Test@0117<br/>
Successfully login into trip.com!!
Successfully Selected Currency as INR.<br/>
Successfully selected Oneway!!
Successfully selected Leaving Form airport : Netaji Subhas Chandra Bose International Airport<br/>
Successfully selected Going to airport : Kuala Lumpur International Airport<br/>
Ticket booking date : 16-Apr-2024<br/>
Successfully added flight search criteria.
Lowest flight fare: 11808<br/>
Available flights.
Successfully found flight with lowest fare.
Successfully clicked on book option!!<br/>]]>
  </system-out>
</testsuite> <!-- com.poc.testcaseClass.TripComTC -->
