<?xml version="1.0" encoding="UTF-8"?>
<!-- Generated by org.testng.reporters.JUnitReportReporter -->
<testsuite hostname="DESKTOP-1JEN4M7" failures="0" tests="2" name="com.poc.testcaseClass.Linkedin_LoginTC" time="49.887" errors="0" timestamp="2024-03-16T01:19:10 IST" skipped="0">
  <testcase classname="com.poc.testcaseClass.Linkedin_LoginTC" name="TC01" time="24.147">
    <system-out>
      <![CDATA[Linkedin URL is openned<br/>
LoginSuccessfull]]>
    </system-out>
  </testcase> <!-- TC01 -->
  <testcase classname="com.poc.testcaseClass.Linkedin_LoginTC" name="TC02" time="25.740">
    <system-out>
      <![CDATA[Linkedin URL is openned<br/>
LoginSuccessfull]]>
    </system-out>
  </testcase> <!-- TC02 -->
  <system-out>
    <![CDATA[Linkedin URL is openned<br/>
LoginSuccessfull
Linkedin URL is openned<br/>
LoginSuccessfull]]>
  </system-out>
</testsuite> <!-- com.poc.testcaseClass.Linkedin_LoginTC -->
